1684098082046|Global registry up and running!
1684098084359|Global registry accepted the 1th connection.
1684098084361|GlobalRegistry processing put Facade0 rmi=localhost
1684098084404|GlobalRegistry processing put inportNMfacade0 rmi=localhost
1684098084418|GlobalRegistry processing put fr.sorbonne_u.utils.aclocks.ClocksServerCI-cfd31b7e-7540-4284-b993-b9c57018463b rmi=localhost
1684098084445|GlobalRegistry processing put inportFCMfacade0 rmi=localhost
1684098084460|GlobalRegistry processing put 35842238-f7d1-44ab-890c-ae426abd4a13 rmi=localhost
1684098084468|Global registry accepted the 2th connection.
1684098084468|GlobalRegistry processing put Facade4 rmi=localhost
1684098084468|Global registry accepted the 3th connection.
1684098084469|Global registry accepted the 4th connection.
1684098084472|GlobalRegistry processing put Facade1 rmi=localhost
1684098084472|Global registry accepted the 5th connection.
1684098084472|All (5) connected!
1684098084472|GlobalRegistry processing put Facade3 rmi=localhost
1684098084477|GlobalRegistry processing put Facade2 rmi=localhost
1684098084479|GlobalRegistry processing put Pair0 rmi=localhost
1684098084502|GlobalRegistry processing put 8209912d-8c55-4b10-bb01-33689ded0877 rmi=localhost
1684098084533|GlobalRegistry processing put inportNMfacade4 rmi=localhost
1684098084533|GlobalRegistry processing put inportNMfacade3 rmi=localhost
1684098084538|GlobalRegistry processing put inportNMfacade2 rmi=localhost
1684098084539|GlobalRegistry processing put inportNMfacade1 rmi=localhost
1684098084541|GlobalRegistry processing put fr.sorbonne_u.utils.aclocks.ClocksServerCI-f8d1316a-4614-4010-8dee-16d3b13a8a27 rmi=localhost
1684098084554|GlobalRegistry processing put inportNodeCpair0 rmi=localhost
1684098084562|GlobalRegistry processing put fr.sorbonne_u.utils.aclocks.ClocksServerCI-959476df-e1b2-40db-bde7-acdf0f3617ff rmi=localhost
1684098084565|GlobalRegistry processing put inportCMpair0 rmi=localhost
1684098084567|GlobalRegistry processing put 95cfc496-66d0-4bb3-86e7-5a2dbad83a60 rmi=localhost
1684098084574|GlobalRegistry processing put fr.sorbonne_u.utils.aclocks.ClocksServerCI-1b7bdb45-9824-4735-9658-48e2a1186f5d rmi=localhost
1684098084575|GlobalRegistry processing put fr.sorbonne_u.utils.aclocks.ClocksServerCI-f5a37034-9ea0-4b5d-8b12-6a454786b55b rmi=localhost
1684098084577|GlobalRegistry processing put a05e6e0b-0f62-426d-94d3-db0ee9706846 rmi=localhost
1684098084582|GlobalRegistry processing put Pair1 rmi=localhost
1684098084585|GlobalRegistry processing put 37e70a59-6d44-43a4-b48e-ef3d3b1c25ef rmi=localhost
1684098084590|GlobalRegistry processing put inportFCMfacade3 rmi=localhost
1684098084600|GlobalRegistry processing put fr.sorbonne_u.utils.aclocks.ClocksServerCI-36c9b0a5-8be2-4bf8-b701-1d6c1589f101 rmi=localhost
1684098084606|GlobalRegistry processing put fr.sorbonne_u.utils.aclocks.ClocksServerCI-b5a38dfa-7c88-4bb8-bf4b-aa3513b33ca6 rmi=localhost
1684098084612|GlobalRegistry processing put inportFCMfacade4 rmi=localhost
1684098084616|GlobalRegistry processing put inportFCMfacade1 rmi=localhost
1684098084619|GlobalRegistry processing put inportNodeCpair1 rmi=localhost
1684098084630|GlobalRegistry processing put inportCMpair1 rmi=localhost
1684098084633|GlobalRegistry processing put inportFCMfacade2 rmi=localhost
1684098084633|GlobalRegistry processing put 50f4a403-1cb8-424e-83d3-a34741d6c108 rmi=localhost
1684098084639|GlobalRegistry processing put 176efdd7-6c57-47ec-84ef-0d34692ad9d8 rmi=localhost
1684098084643|GlobalRegistry processing put Pair40 rmi=localhost
1684098084644|GlobalRegistry processing put d6e2bd61-3d5c-487f-9a86-0cd736ba8604 rmi=localhost
1684098084648|GlobalRegistry processing put 5fc5ae32-27c7-4795-a584-f7a3103d3594 rmi=localhost
1684098084650|GlobalRegistry processing put Pair10 rmi=localhost
1684098084651|GlobalRegistry processing put a0c5c7b2-8093-4b90-9d08-3fdb55a94593 rmi=localhost
1684098084653|GlobalRegistry processing put ccb454bc-35c7-4571-8c17-661d82c66628 rmi=localhost
1684098084657|GlobalRegistry processing put Pair2 rmi=localhost
1684098084658|GlobalRegistry processing put Pair30 rmi=localhost
1684098084660|GlobalRegistry processing put 02d5b7a0-871c-4fd5-824c-62aac24fc919 rmi=localhost
1684098084663|GlobalRegistry processing put Pair20 rmi=localhost
1684098084665|GlobalRegistry processing put 15e850ed-bec0-42da-b402-eead117a2828 rmi=localhost
1684098084673|GlobalRegistry processing put 86c7bf55-3f16-409c-a919-9bd50e1d1839 rmi=localhost
1684098084678|GlobalRegistry processing put 5c2dea56-0c65-4b41-867f-a5f7be2f5670 rmi=localhost
1684098084681|GlobalRegistry processing put fr.sorbonne_u.utils.aclocks.ClocksServerCI-4959a2bd-6b8a-460b-858e-d011bc1c8022 rmi=localhost
1684098084683|GlobalRegistry processing put inportNodeCpair2 rmi=localhost
1684098084685|GlobalRegistry processing put d96206f2-8236-47de-9746-40efc7a47119 rmi=localhost
1684098084685|GlobalRegistry processing put inportCMpair2 rmi=localhost
1684098084687|GlobalRegistry processing put e41a3595-5af1-4e94-aa24-eb9709911414 rmi=localhost
1684098084689|GlobalRegistry processing put b0049ef3-e2e3-4c15-b67b-20a173d4ebd3 rmi=localhost
1684098084692|GlobalRegistry processing put Pair3 rmi=localhost
1684098084694|GlobalRegistry processing put 9e9afe2b-3b5e-4769-85e3-c30646aa57ed rmi=localhost
1684098084702|GlobalRegistry processing put fr.sorbonne_u.utils.aclocks.ClocksServerCI-12aa9dc0-e38c-4823-9e86-37586c2fd3bb rmi=localhost
1684098084705|GlobalRegistry processing put inportNodeCpair3 rmi=localhost
1684098084707|GlobalRegistry processing put inportCMpair3 rmi=localhost
1684098084708|GlobalRegistry processing put 87bf6112-8542-4a00-8e40-20fb803a7546 rmi=localhost
1684098084711|GlobalRegistry processing put 7f29f291-c8a7-4678-9a3b-651ec3ebc720 rmi=localhost
1684098084713|GlobalRegistry processing put Pair4 rmi=localhost
1684098084714|GlobalRegistry processing put 5847dfa0-4802-440f-b936-079476ef6a7d rmi=localhost
1684098084723|GlobalRegistry processing put fr.sorbonne_u.utils.aclocks.ClocksServerCI-0ddb1a93-030b-40e8-91d3-d5c2fc49ba14 rmi=localhost
1684098084724|GlobalRegistry processing put fr.sorbonne_u.utils.aclocks.ClocksServerCI-827e1f45-6400-4bfc-9971-de3e2ddfe92d rmi=localhost
1684098084725|GlobalRegistry processing put fr.sorbonne_u.utils.aclocks.ClocksServerCI-5ab6c099-1e1c-4067-bab9-e0a398fc7caf rmi=localhost
1684098084729|GlobalRegistry processing put inportNodeCpair4 rmi=localhost
1684098084731|GlobalRegistry processing put inportCMpair4 rmi=localhost
1684098084733|GlobalRegistry processing put fr.sorbonne_u.utils.aclocks.ClocksServerCI-44807bf9-a39b-413f-8988-69cb5bb45aa9 rmi=localhost
1684098084734|GlobalRegistry processing put dbadf8a6-97f0-47b2-92c6-f7020244c7b6 rmi=localhost
1684098084742|GlobalRegistry processing put b75a95f2-8293-4398-9867-9c4392d0009d rmi=localhost
1684098084747|GlobalRegistry processing put Pair5 rmi=localhost
1684098084748|GlobalRegistry processing put fr.sorbonne_u.utils.aclocks.ClocksServerCI-3e9f13d4-eb9b-41c6-ad2b-0c6dda645e5a rmi=localhost
1684098084749|GlobalRegistry processing put dc91c21c-2976-443c-9f60-de28a3a95943 rmi=localhost
1684098084752|GlobalRegistry processing put inportNodeCpair30 rmi=localhost
1684098084752|GlobalRegistry processing put inportNodeCpair10 rmi=localhost
1684098084755|GlobalRegistry processing put inportNodeCpair40 rmi=localhost
1684098084757|GlobalRegistry processing put fr.sorbonne_u.utils.aclocks.ClocksServerCI-e43a0ddd-ee3a-45c3-aafe-1b776e2f68fb rmi=localhost
1684098084762|GlobalRegistry processing put inportNodeCpair5 rmi=localhost
1684098084765|GlobalRegistry processing put inportCMpair5 rmi=localhost
1684098084766|GlobalRegistry processing put 274d6397-08fd-406a-91d0-279261b0adf7 rmi=localhost
1684098084767|GlobalRegistry processing put inportNodeCpair20 rmi=localhost
1684098084768|GlobalRegistry processing put 750a3800-54d8-4a45-b710-c83a42f10b80 rmi=localhost
1684098084771|GlobalRegistry processing put inportCMpair30 rmi=localhost
1684098084771|GlobalRegistry processing put inportCMpair10 rmi=localhost
1684098084772|GlobalRegistry processing put inportCMpair40 rmi=localhost
1684098084772|GlobalRegistry processing put Pair6 rmi=localhost
1684098084774|GlobalRegistry processing put b0af2651-05a2-400a-a0e5-0bb785f28b8e rmi=localhost
1684098084777|GlobalRegistry processing put 966e78ea-038f-4e4b-b2b9-45910d361e4a rmi=localhost
1684098084777|GlobalRegistry processing put 2250d6f6-c5ef-4fae-a7b6-57ee4c72f998 rmi=localhost
1684098084778|GlobalRegistry processing put 53bdbfb7-cf44-4714-a999-eacdbfb47fe6 rmi=localhost
1684098084783|GlobalRegistry processing put inportCMpair20 rmi=localhost
1684098084786|GlobalRegistry processing put fr.sorbonne_u.utils.aclocks.ClocksServerCI-5295b0dd-9f78-4173-8a52-299aa7fda29b rmi=localhost
1684098084790|GlobalRegistry processing put 9bcbfb22-0baf-4c30-8dd0-712cbb38b60b rmi=localhost
1684098084796|GlobalRegistry processing put 03a41de9-3b88-4d69-bb52-b5dc85a3a1bb rmi=localhost
1684098084797|GlobalRegistry processing put 9b6bb3a2-2056-4eb7-89e3-6f4284f8d45e rmi=localhost
1684098084800|GlobalRegistry processing put inportNodeCpair6 rmi=localhost
1684098084805|GlobalRegistry processing put Pair41 rmi=localhost
1684098084805|GlobalRegistry processing put Pair31 rmi=localhost
1684098084805|GlobalRegistry processing put inportCMpair6 rmi=localhost
1684098084810|GlobalRegistry processing put 86f55797-a5ee-4a24-8a23-a14872694b4e rmi=localhost
1684098084810|GlobalRegistry processing put 6feafa58-e30a-4208-9379-8e84335f8813 rmi=localhost
1684098084813|GlobalRegistry processing put 0a961f2d-7aee-494d-a967-852a36a6b35b rmi=localhost
1684098084814|GlobalRegistry processing put 3c746547-e133-42ee-9586-a6dc68988f4f rmi=localhost
1684098084814|GlobalRegistry processing put a119ac2d-947d-40ef-9b67-8d80ce2b600b rmi=localhost
1684098084817|GlobalRegistry processing put Pair11 rmi=localhost
1684098084818|GlobalRegistry processing put Pair7 rmi=localhost
1684098084819|GlobalRegistry processing put 1c09e039-6dea-4358-8196-dd79be0b173f rmi=localhost
1684098084821|GlobalRegistry processing put bc87dbd0-6f53-4bd1-a308-e674530ebdcd rmi=localhost
1684098084826|GlobalRegistry processing put f2c8aec0-bbb7-4cb2-84c5-1e8623986c53 rmi=localhost
1684098084826|GlobalRegistry processing put Pair21 rmi=localhost
1684098084830|GlobalRegistry processing put fr.sorbonne_u.utils.aclocks.ClocksServerCI-c071eb6b-1072-4fd6-a19d-cd49aaa3e51f rmi=localhost
1684098084830|GlobalRegistry processing put fr.sorbonne_u.utils.aclocks.ClocksServerCI-88bf1e0f-5ba4-44f4-9fbc-9f35dc4973db rmi=localhost
1684098084831|GlobalRegistry processing put fr.sorbonne_u.utils.aclocks.ClocksServerCI-029c0eef-3c08-412d-8b7a-9af3970358aa rmi=localhost
1684098084833|GlobalRegistry processing put inportNodeCpair7 rmi=localhost
1684098084833|GlobalRegistry processing put 7d704e9f-48a4-47f6-bc17-bb30f1bcbd14 rmi=localhost
1684098084834|GlobalRegistry processing put inportCMpair7 rmi=localhost
1684098084836|GlobalRegistry processing put inportNodeCpair31 rmi=localhost
1684098084840|GlobalRegistry processing put 12548693-602f-4edb-a55a-03a71002c930 rmi=localhost
1684098084841|GlobalRegistry processing put inportNodeCpair41 rmi=localhost
1684098084842|GlobalRegistry processing put 885a5a52-cdce-4ec6-a8ab-3eeefb5b8823 rmi=localhost
1684098084843|GlobalRegistry processing put inportCMpair31 rmi=localhost
1684098084843|GlobalRegistry processing put Pair8 rmi=localhost
1684098084846|GlobalRegistry processing put inportCMpair41 rmi=localhost
1684098084847|GlobalRegistry processing put 5ce932b5-a675-46df-8534-2736eb463371 rmi=localhost
1684098084850|GlobalRegistry processing put c3438586-9d98-4ed7-a728-710649b63972 rmi=localhost
1684098084850|GlobalRegistry processing put fr.sorbonne_u.utils.aclocks.ClocksServerCI-7b82b485-0392-4ffd-9a27-c52dfad33dab rmi=localhost
1684098084855|GlobalRegistry processing put fr.sorbonne_u.utils.aclocks.ClocksServerCI-da76ed9a-7b06-4902-9467-20c9c50b776e rmi=localhost
1684098084857|GlobalRegistry processing put 700880f4-2524-4fed-9bce-1bbc31b1f0b5 rmi=localhost
1684098084858|GlobalRegistry processing put inportNodeCpair8 rmi=localhost
1684098084858|GlobalRegistry processing put fr.sorbonne_u.utils.aclocks.ClocksServerCI-064fb9b9-81d1-4abf-a10e-e4f4909fdf44 rmi=localhost
1684098084859|GlobalRegistry processing put inportCMpair8 rmi=localhost
1684098084861|GlobalRegistry processing put 84bf7788-a525-4b10-8ef6-593158d7fe1c rmi=localhost
1684098084861|GlobalRegistry processing put Pair32 rmi=localhost
1684098084862|GlobalRegistry processing put e77af29f-bad3-4cb6-8096-c0e9732acd19 rmi=localhost
1684098084864|GlobalRegistry processing put Pair9 rmi=localhost
1684098084865|GlobalRegistry processing put inportNodeCpair21 rmi=localhost
1684098084865|GlobalRegistry processing put 0f78bdb1-4124-4e42-9b39-8cadeb876a23 rmi=localhost
1684098084866|GlobalRegistry processing put b24b32bd-7b40-4d63-a3fe-59b06fc44e04 rmi=localhost
1684098084869|GlobalRegistry processing put 2bf0a59a-91cc-4bfc-aa38-2cde545186b7 rmi=localhost
1684098084869|GlobalRegistry processing put inportNodeCpair11 rmi=localhost
1684098084875|GlobalRegistry processing put c03f75eb-c7bf-49ba-b06d-90ff23e28dc1 rmi=localhost
1684098084875|GlobalRegistry processing put inportCMpair21 rmi=localhost
1684098084876|GlobalRegistry processing put inportCMpair11 rmi=localhost
1684098084878|GlobalRegistry processing put fr.sorbonne_u.utils.aclocks.ClocksServerCI-24c7ca27-04da-4b93-b1ed-f9d6666dc07d rmi=localhost
1684098084880|GlobalRegistry processing put inportNodeCpair9 rmi=localhost
1684098084880|GlobalRegistry processing put fr.sorbonne_u.utils.aclocks.ClocksServerCI-136918e0-6c96-4041-a2d4-08c36636b923 rmi=localhost
1684098084882|GlobalRegistry processing put inportCMpair9 rmi=localhost
1684098084882|GlobalRegistry processing put Pair42 rmi=localhost
1684098084884|GlobalRegistry processing put 00c333d9-79bc-493b-886a-28e0a4ac35ef rmi=localhost
1684098084885|GlobalRegistry processing put 32b01f17-ae7e-4cd5-b49a-8bf932f8afb2 rmi=localhost
1684098084886|GlobalRegistry processing put 08936d92-1555-48c8-8017-54a3b2fe9707 rmi=localhost
1684098084887|GlobalRegistry processing put inportNodeCpair32 rmi=localhost
1684098084888|GlobalRegistry processing put 495a9846-1955-42bf-87c7-4288bf0bd85f rmi=localhost
1684098084888|GlobalRegistry processing put 374f38c9-bc20-4fd6-8603-00dd0d29ba81 rmi=localhost
1684098084893|GlobalRegistry processing put ad93efa3-90f1-4748-b026-eb264448c72f rmi=localhost
1684098084893|GlobalRegistry processing put inportCMpair32 rmi=localhost
1684098084893|GlobalRegistry processing put c8bc0971-2064-4a94-a7cb-16b2c819f6b1 rmi=localhost
1684098084898|GlobalRegistry processing put client rmi=localhost
1684098084900|GlobalRegistry processing put 81985fb8-82d7-4fed-a3f1-165b05efaad0 rmi=localhost
1684098084900|GlobalRegistry processing put Pair12 rmi=localhost
1684098084901|GlobalRegistry processing put Pair22 rmi=localhost
1684098084906|GlobalRegistry processing put e8bb3333-402e-465a-a879-12387254f048 rmi=localhost
1684098084907|GlobalRegistry processing put inPortFCMClient rmi=localhost
1684098084907|GlobalRegistry processing put df4ed061-42f4-4596-988b-02195ed90c48 rmi=localhost
1684098084907|GlobalRegistry processing put c529c3bb-82df-452a-b394-5eb7299489bb rmi=localhost
1684098084908|GlobalRegistry processing put 55ed5303-9925-4b03-a52d-6373e1186433 rmi=localhost
1684098084911|GlobalRegistry processing put Pair33 rmi=localhost
1684098084912|GlobalRegistry processing put fr.sorbonne_u.utils.aclocks.ClocksServerCI-77f6dff5-41c7-4af3-a16e-84a5e323f3df rmi=localhost
1684098084914|GlobalRegistry processing put fr.sorbonne_u.utils.aclocks.ClocksServerCI-d636a2c5-6f7c-44ce-ab6c-56fa833a625c rmi=localhost
1684098084915|GlobalRegistry processing put de62addc-67bc-423c-bef0-397b546c6a37 rmi=localhost
1684098084920|GlobalRegistry processing put inportNodeCpair42 rmi=localhost
1684098084920|GlobalRegistry processing put fr.sorbonne_u.utils.aclocks.ClocksServerCI-ddf247b9-304c-42fb-b00b-eed041c61c98 rmi=localhost
1684098084924|GlobalRegistry processing put fr.sorbonne_u.utils.aclocks.ClocksServerCI-1edbe5c2-0a29-4e6e-993b-377093ab9f87 rmi=localhost
1684098084925|GlobalRegistry processing put inportNodeCpair12 rmi=localhost
1684098084927|GlobalRegistry processing put fr.sorbonne_u.components.reflection.interfaces.ReflectionCI-2a85a515-82ef-4172-a258-94eed430d08d rmi=localhost
1684098084927|GlobalRegistry processing put fr.sorbonne_u.utils.aclocks.ClocksServerCI-f2be4925-05a8-4333-8f53-a98ab17cc3d1 rmi=localhost
1684098084927|GlobalRegistry processing put inportCMpair42 rmi=localhost
1684098084930|GlobalRegistry processing put inportCMpair12 rmi=localhost
1684098084930|GlobalRegistry processing put inportNodeCpair22 rmi=localhost
1684098084933|GlobalRegistry processing put inportNodeCpair33 rmi=localhost
1684098084933|GlobalRegistry processing put ea37e8cb-8273-4323-ac66-5f487ea8b333 rmi=localhost
1684098084935|GlobalRegistry processing put clock-server-101 rmi=localhost
1684098084935|GlobalRegistry processing put 7f540dd7-750b-4017-b476-356f12bf09ae rmi=localhost
1684098084936|GlobalRegistry processing put inportCMpair22 rmi=localhost
1684098084937|GlobalRegistry processing put inportCMpair33 rmi=localhost
1684098084938|GlobalRegistry processing put 00ac0913-c0e9-46f1-b01d-6f95525df050 rmi=localhost
1684098084951|GlobalRegistry processing put fr.sorbonne_u.components.reflection.interfaces.ReflectionCI-2d2b3abd-a186-4a9a-b0cf-5ef33c5bb6e7 rmi=localhost
1684098084955|GlobalRegistry processing put d94af629-cf2e-4c9c-83e2-a25b7a09fbe1 rmi=localhost
1684098084955|GlobalRegistry processing put 6ab8d2c8-f82b-4305-beff-6f8501ef6b8d rmi=localhost
1684098084956|GlobalRegistry processing put Pair43 rmi=localhost
1684098084956|GlobalRegistry processing put 307b7857-e2bd-4ff3-97e4-ef885b6f3edc rmi=localhost
1684098084959|GlobalRegistry processing put d02515bb-5a2c-489b-8219-23b5c3e38b6b rmi=localhost
1684098084959|GlobalRegistry processing put ebc220d6-29c2-4cc4-ba26-f061fb5f31ad rmi=localhost
1684098084960|GlobalRegistry processing put dff3fbdd-7791-40c9-9cae-726cd3e788d6 rmi=localhost
1684098084960|GlobalRegistry processing put Pair13 rmi=localhost
1684098084960|GlobalRegistry processing put Facade0-dcc rmi=localhost
1684098084964|GlobalRegistry processing put Pair34 rmi=localhost
1684098084965|GlobalRegistry processing put Pair23 rmi=localhost
1684098084967|GlobalRegistry processing put 6b7d344c-a5c3-4463-8f17-7623c9603325 rmi=localhost
1684098084968|GlobalRegistry processing put 20e76a4a-b43a-4d05-af0b-372658164397 rmi=localhost
1684098084970|GlobalRegistry processing put 0e78e3e7-5f88-4eb3-9ffa-426aad7286bf rmi=localhost
1684098084974|GlobalRegistry processing put fr.sorbonne_u.utils.aclocks.ClocksServerCI-7a7052df-7702-4bc2-9d73-bf2c9b8d714b rmi=localhost
1684098084980|GlobalRegistry processing put fr.sorbonne_u.utils.aclocks.ClocksServerCI-80fbc91f-1e77-4991-b41c-5e96539c8679 rmi=localhost
1684098084980|GlobalRegistry processing put inportNodeCpair43 rmi=localhost
1684098084980|GlobalRegistry processing put fr.sorbonne_u.utils.aclocks.ClocksServerCI-b99dbffe-848f-4dbb-86d7-af0d29ab92fd rmi=localhost
1684098084985|GlobalRegistry processing put inportNodeCpair34 rmi=localhost
1684098084985|GlobalRegistry processing put inportNodeCpair13 rmi=localhost
1684098084986|GlobalRegistry processing put inportCMpair43 rmi=localhost
1684098084986|GlobalRegistry processing put fr.sorbonne_u.utils.aclocks.ClocksServerCI-f04a4b05-656f-455b-b7ed-a0f644e9d5a1 rmi=localhost
1684098084991|GlobalRegistry processing put b6ff2623-c623-4c29-90fa-0e1e33afea7d rmi=localhost
1684098084991|GlobalRegistry processing put inportNodeCpair23 rmi=localhost
1684098084992|GlobalRegistry processing put inportCMpair34 rmi=localhost
1684098084995|GlobalRegistry processing put inportCMpair13 rmi=localhost
1684098084996|GlobalRegistry processing put e106ba76-8d79-42a0-b3b9-dd72e03fb76b rmi=localhost
1684098084996|GlobalRegistry processing put 8e14106a-7e29-441f-940a-03f3f93e0606 rmi=localhost
1684098084996|GlobalRegistry processing put inportCMpair23 rmi=localhost
1684098085000|GlobalRegistry processing put 5f074ef3-6603-467a-8f0d-78219316f0f9 rmi=localhost
1684098085001|GlobalRegistry processing put Pair44 rmi=localhost
1684098085002|GlobalRegistry processing put bd58498a-f139-492a-84d0-a99c7a082f2f rmi=localhost
1684098085004|GlobalRegistry processing put a2790a2d-fdfe-47e0-9fe0-e5c0edb4cf20 rmi=localhost
1684098085006|GlobalRegistry processing put a6e771a5-812e-4292-a965-7003bbff741b rmi=localhost
1684098085006|GlobalRegistry processing put 501fb6d4-5ad8-470a-989d-6b78336cd6be rmi=localhost
1684098085007|GlobalRegistry processing put 5c7e2b94-273c-4b07-b302-0779d50fca1b rmi=localhost
1684098085011|GlobalRegistry processing put Pair14 rmi=localhost
1684098085012|GlobalRegistry processing put Pair24 rmi=localhost
1684098085013|GlobalRegistry processing put Pair35 rmi=localhost
1684098085015|GlobalRegistry processing put d441d669-8fd9-48d0-bf51-8ca7811669ba rmi=localhost
1684098085016|GlobalRegistry processing put f8b9a88b-f950-4f8d-9d14-34d488a7bea6 rmi=localhost
1684098085018|GlobalRegistry processing put fr.sorbonne_u.utils.aclocks.ClocksServerCI-4c9135c9-d152-4f38-9761-db7f5c3f2934 rmi=localhost
1684098085019|GlobalRegistry processing put 9ba41eb6-d290-40a4-bdaa-c3e53398fe52 rmi=localhost
1684098085023|GlobalRegistry processing put inportNodeCpair44 rmi=localhost
1684098085026|GlobalRegistry processing put fr.sorbonne_u.utils.aclocks.ClocksServerCI-a3d29928-a361-4092-a904-826b16f56a31 rmi=localhost
1684098085027|GlobalRegistry processing put fr.sorbonne_u.utils.aclocks.ClocksServerCI-f28ec63d-daee-4d66-b1a9-e978daecea75 rmi=localhost
1684098085028|GlobalRegistry processing put inportCMpair44 rmi=localhost
1684098085031|GlobalRegistry processing put inportNodeCpair24 rmi=localhost
1684098085031|GlobalRegistry processing put inportNodeCpair14 rmi=localhost
1684098085032|GlobalRegistry processing put fr.sorbonne_u.utils.aclocks.ClocksServerCI-85e9ba1e-735c-4a92-9372-4b7321d849e4 rmi=localhost
1684098085033|GlobalRegistry processing put c37a047c-b695-49a4-a2b9-e57b1b901c9d rmi=localhost
1684098085036|GlobalRegistry processing put inportNodeCpair35 rmi=localhost
1684098085036|GlobalRegistry processing put inportCMpair24 rmi=localhost
1684098085036|GlobalRegistry processing put inportCMpair14 rmi=localhost
1684098085039|GlobalRegistry processing put 0b7bb687-056f-4ae7-89dc-00eaf6d75f57 rmi=localhost
1684098085040|GlobalRegistry processing put inportCMpair35 rmi=localhost
1684098085044|GlobalRegistry processing put 296a7a97-19d6-477e-b895-6b95defbda59 rmi=localhost
1684098085044|GlobalRegistry processing put 7f7f8afd-ad6f-4bd0-b7d9-a5a26fb34a6e rmi=localhost
1684098085044|GlobalRegistry processing put b2e82e30-cc3a-493c-83be-fbd3d802673d rmi=localhost
1684098085046|GlobalRegistry processing put Pair45 rmi=localhost
1684098085049|GlobalRegistry processing put 17881035-cd9a-41a5-94f5-3d6c2c02deae rmi=localhost
1684098085049|GlobalRegistry processing put 9fd0a049-d1c5-4338-a55e-f9a3dcb02a3b rmi=localhost
1684098085051|GlobalRegistry processing put d317f427-ddd1-4a48-bb8f-c8fcbaca0c4c rmi=localhost
1684098085052|GlobalRegistry processing put cc496e54-6850-422e-bed7-84dc886dab47 rmi=localhost
1684098085053|GlobalRegistry processing put Pair15 rmi=localhost
1684098085055|GlobalRegistry processing put Pair36 rmi=localhost
1684098085055|GlobalRegistry processing put Pair25 rmi=localhost
1684098085060|GlobalRegistry processing put 794e5647-1e8a-4bb7-a2b6-40dbfb00708e rmi=localhost
1684098085062|GlobalRegistry processing put b6179246-94da-4d28-9100-572861e9cc43 rmi=localhost
1684098085063|GlobalRegistry processing put 5e8a3226-9b91-4ae4-b5f8-fa50cfddc8ef rmi=localhost
1684098085065|GlobalRegistry processing put fr.sorbonne_u.utils.aclocks.ClocksServerCI-3ddbf8f1-0b7a-4edc-8c5e-bf876bcab404 rmi=localhost
1684098085071|GlobalRegistry processing put inportNodeCpair45 rmi=localhost
1684098085071|GlobalRegistry processing put fr.sorbonne_u.utils.aclocks.ClocksServerCI-82bafc34-841a-46a1-8f64-3a9effb11a23 rmi=localhost
1684098085073|GlobalRegistry processing put fr.sorbonne_u.utils.aclocks.ClocksServerCI-f347ad20-f39d-4482-bc9d-8ef5dd4e3344 rmi=localhost
1684098085074|GlobalRegistry processing put fr.sorbonne_u.utils.aclocks.ClocksServerCI-1e5c981c-702d-4bcd-9d90-ecfb28affd83 rmi=localhost
1684098085075|GlobalRegistry processing put inportCMpair45 rmi=localhost
1684098085077|GlobalRegistry processing put inportNodeCpair15 rmi=localhost
1684098085077|GlobalRegistry processing put inportNodeCpair25 rmi=localhost
1684098085081|GlobalRegistry processing put inportCMpair15 rmi=localhost
1684098085081|GlobalRegistry processing put 498ec94f-d807-41b4-ab30-c616031ece22 rmi=localhost
1684098085082|GlobalRegistry processing put inportNodeCpair36 rmi=localhost
1684098085082|GlobalRegistry processing put inportCMpair25 rmi=localhost
1684098085085|GlobalRegistry processing put a596d34a-f40f-4af1-8897-3a7e5bf9d357 rmi=localhost
1684098085085|GlobalRegistry processing put 0c12d67a-24f2-42a3-b564-2f8dd5edb0aa rmi=localhost
1684098085085|GlobalRegistry processing put 060e4dd0-40e8-44c7-966d-a37b3684f316 rmi=localhost
1684098085085|GlobalRegistry processing put inportCMpair36 rmi=localhost
1684098085089|GlobalRegistry processing put c309bcc5-8302-4591-a4f0-b3c4e362749e rmi=localhost
1684098085090|GlobalRegistry processing put 0b8ab3aa-f2b3-4ec4-81d2-4cda7f5acc97 rmi=localhost
1684098085090|GlobalRegistry processing put b0d8ed8e-ffed-4737-8d26-8e499d1dcec9 rmi=localhost
1684098085092|GlobalRegistry processing put Pair46 rmi=localhost
1684098085093|GlobalRegistry processing put Pair16 rmi=localhost
1684098085094|GlobalRegistry processing put Pair26 rmi=localhost
1684098085095|GlobalRegistry processing put f969cff4-e902-43dc-9ece-ee246f51b948 rmi=localhost
1684098085097|GlobalRegistry processing put 87d6ba4a-8fd4-46ec-9ad7-a4e3d769f5c4 rmi=localhost
1684098085097|GlobalRegistry processing put 24e53128-2d5e-42ce-a336-b72954965a6c rmi=localhost
1684098085098|GlobalRegistry processing put 80c2b8af-9e87-413c-be26-9ccbd7f1d1b0 rmi=localhost
1684098085100|GlobalRegistry processing put Pair37 rmi=localhost
1684098085104|GlobalRegistry processing put ca7d1c31-1d72-4bac-80c3-52bbcdaa0a7b rmi=localhost
1684098085107|GlobalRegistry processing put fr.sorbonne_u.utils.aclocks.ClocksServerCI-800adacc-b475-420d-879b-d171bec42cb5 rmi=localhost
1684098085108|GlobalRegistry processing put fr.sorbonne_u.utils.aclocks.ClocksServerCI-9c7ac0e3-797e-40ef-82b8-b958cbefbae9 rmi=localhost
1684098085108|GlobalRegistry processing put fr.sorbonne_u.utils.aclocks.ClocksServerCI-0045e682-ad9a-400b-a406-d10f096ee068 rmi=localhost
1684098085111|GlobalRegistry processing put inportNodeCpair46 rmi=localhost
1684098085112|GlobalRegistry processing put inportNodeCpair26 rmi=localhost
1684098085112|GlobalRegistry processing put inportNodeCpair16 rmi=localhost
1684098085115|GlobalRegistry processing put fr.sorbonne_u.utils.aclocks.ClocksServerCI-6ae52554-7a40-47d9-9d6f-1fdfb4dac6e5 rmi=localhost
1684098085116|GlobalRegistry processing put inportCMpair16 rmi=localhost
1684098085117|GlobalRegistry processing put inportCMpair26 rmi=localhost
1684098085117|GlobalRegistry processing put inportCMpair46 rmi=localhost
1684098085119|GlobalRegistry processing put inportNodeCpair37 rmi=localhost
1684098085119|GlobalRegistry processing put 772a497c-4c7d-4b10-bcdd-699065c2b763 rmi=localhost
1684098085120|GlobalRegistry processing put 2c41a188-2d31-40e5-bb9d-0fba01f2c4c0 rmi=localhost
1684098085120|GlobalRegistry processing put a6b8e431-dc40-4505-985a-fe7bc9df3b1d rmi=localhost
1684098085125|GlobalRegistry processing put inportCMpair37 rmi=localhost
1684098085127|GlobalRegistry processing put 627b2aa8-52ca-4953-a039-41b927c5bd50 rmi=localhost
1684098085127|GlobalRegistry processing put 492c49b2-8746-48e2-a8a5-84c1dbcd21de rmi=localhost
1684098085127|GlobalRegistry processing put a1951d5d-d602-4d41-9777-1e1ffa2896c5 rmi=localhost
1684098085129|GlobalRegistry processing put 9a29de6b-a518-42c6-8012-e07b916b09f5 rmi=localhost
1684098085131|GlobalRegistry processing put Pair47 rmi=localhost
1684098085131|GlobalRegistry processing put Pair27 rmi=localhost
1684098085132|GlobalRegistry processing put Pair17 rmi=localhost
1684098085133|GlobalRegistry processing put c03ab355-0f39-4352-aae6-f04664ec5443 rmi=localhost
1684098085135|GlobalRegistry processing put a63dafa2-35a7-4d6a-8624-645e1508c3a1 rmi=localhost
1684098085136|GlobalRegistry processing put 8f6b4b36-36b7-4eca-bd71-9a6e34f04652 rmi=localhost
1684098085137|GlobalRegistry processing put 863d1524-3cb0-4300-89b9-070ceb8ac69a rmi=localhost
1684098085137|GlobalRegistry processing put Pair38 rmi=localhost
1684098085144|GlobalRegistry processing put fr.sorbonne_u.utils.aclocks.ClocksServerCI-b300600e-0076-4bbc-8816-85a88e422556 rmi=localhost
1684098085144|GlobalRegistry processing put ea9450d0-4eb7-4626-867d-d084ed476b69 rmi=localhost
1684098085144|GlobalRegistry processing put fr.sorbonne_u.utils.aclocks.ClocksServerCI-6ff19490-8e20-4e76-b8a9-2f1728192c3d rmi=localhost
1684098085147|GlobalRegistry processing put fr.sorbonne_u.utils.aclocks.ClocksServerCI-fc9f86af-5cee-450f-943b-563eed18acbb rmi=localhost
1684098085148|GlobalRegistry processing put inportNodeCpair47 rmi=localhost
1684098085148|GlobalRegistry processing put inportNodeCpair27 rmi=localhost
1684098085150|GlobalRegistry processing put inportNodeCpair17 rmi=localhost
1684098085151|GlobalRegistry processing put inportCMpair47 rmi=localhost
1684098085153|GlobalRegistry processing put inportCMpair27 rmi=localhost
1684098085154|GlobalRegistry processing put fr.sorbonne_u.utils.aclocks.ClocksServerCI-a9acee1b-d539-4daf-99da-5f9bfb4cae78 rmi=localhost
1684098085154|GlobalRegistry processing put inportCMpair17 rmi=localhost
1684098085157|GlobalRegistry processing put 62e1518b-7bef-445f-8cd6-32956deeaf4f rmi=localhost
1684098085159|GlobalRegistry processing put 69cea80d-8f78-48e5-b6b9-29357fa7eb2d rmi=localhost
1684098085159|GlobalRegistry processing put inportNodeCpair38 rmi=localhost
1684098085159|GlobalRegistry processing put 4df7364c-37a1-4318-b5de-667b5c5c4518 rmi=localhost
1684098085161|GlobalRegistry processing put fcf6edd6-802e-49f0-9542-f04cb94eb916 rmi=localhost
1684098085162|GlobalRegistry processing put 8f0c9c9f-5d5e-4c72-8889-882346f45f80 rmi=localhost
1684098085163|GlobalRegistry processing put 49a74d95-24ed-401d-bcb3-0ca83f3a2360 rmi=localhost
1684098085163|GlobalRegistry processing put inportCMpair38 rmi=localhost
1684098085165|GlobalRegistry processing put Pair48 rmi=localhost
1684098085167|GlobalRegistry processing put Pair28 rmi=localhost
1684098085168|GlobalRegistry processing put 8e80667d-9c69-4d6a-9d91-c628c7dfb676 rmi=localhost
1684098085169|GlobalRegistry processing put Pair18 rmi=localhost
1684098085170|GlobalRegistry processing put 220a26db-e0dc-4525-925a-9f44f748fe94 rmi=localhost
1684098085170|GlobalRegistry processing put 841ede35-f0cc-4168-b1d7-3a791f5e0df9 rmi=localhost
1684098085171|GlobalRegistry processing put 92bb4bdb-4e00-49e3-8fd8-717055cb94fd rmi=localhost
1684098085174|GlobalRegistry processing put f7b6d544-72c7-4c18-aa26-29b8ec50eb89 rmi=localhost
1684098085178|GlobalRegistry processing put Pair39 rmi=localhost
1684098085181|GlobalRegistry processing put fr.sorbonne_u.utils.aclocks.ClocksServerCI-369d5f3b-d5ce-4a7c-97ec-7285df109826 rmi=localhost
1684098085181|GlobalRegistry processing put fr.sorbonne_u.utils.aclocks.ClocksServerCI-141db4d4-31c0-4c48-98e4-9e6ee731df1e rmi=localhost
1684098085182|GlobalRegistry processing put f1f231ce-3bca-446e-8f6b-aaea843e448c rmi=localhost
1684098085185|GlobalRegistry processing put fr.sorbonne_u.utils.aclocks.ClocksServerCI-677cc980-f511-4f3f-b580-0da908d58fa7 rmi=localhost
1684098085186|GlobalRegistry processing put inportNodeCpair48 rmi=localhost
1684098085186|GlobalRegistry processing put inportNodeCpair28 rmi=localhost
1684098085188|GlobalRegistry processing put inportNodeCpair18 rmi=localhost
1684098085192|GlobalRegistry processing put inportCMpair48 rmi=localhost
1684098085192|GlobalRegistry processing put inportCMpair28 rmi=localhost
1684098085192|GlobalRegistry processing put fr.sorbonne_u.utils.aclocks.ClocksServerCI-dc3ef172-b580-458f-afee-642b9f0a1dca rmi=localhost
1684098085194|GlobalRegistry processing put inportCMpair18 rmi=localhost
1684098085198|GlobalRegistry processing put 2001d277-1322-4cbd-a6f3-c0a4a183e7e7 rmi=localhost
1684098085198|GlobalRegistry processing put e40b00e8-0c3e-44bb-a583-d0aca487c7fe rmi=localhost
1684098085199|GlobalRegistry processing put inportNodeCpair39 rmi=localhost
1684098085200|GlobalRegistry processing put 7015ae8b-f571-4867-9eaa-bd1f4306274b rmi=localhost
1684098085202|GlobalRegistry processing put inportCMpair39 rmi=localhost
1684098085202|GlobalRegistry processing put 960b246b-a88f-4bfa-8c13-e1fdd3961a50 rmi=localhost
1684098085203|GlobalRegistry processing put 9a7af416-8bad-4c7d-9a3f-3507457e1705 rmi=localhost
1684098085203|GlobalRegistry processing put 2ea377ea-510f-4042-ae47-dfe8ecf1b91f rmi=localhost
1684098085205|GlobalRegistry processing put 77543028-4fd7-4faf-a0dd-eb57191b063c rmi=localhost
1684098085207|GlobalRegistry processing put Pair49 rmi=localhost
1684098085207|GlobalRegistry processing put Pair19 rmi=localhost
1684098085207|GlobalRegistry processing put Pair29 rmi=localhost
1684098085212|GlobalRegistry processing put a8b1ae3c-0bf2-47a1-8f61-c23faa3e5610 rmi=localhost
1684098085212|GlobalRegistry processing put 641029d9-b6f7-4d8e-978d-0f47766e0069 rmi=localhost
1684098085214|GlobalRegistry processing put d64eb966-5f6c-445e-8008-21f1d0eb0223 rmi=localhost
1684098085214|GlobalRegistry processing put e7fd9b1f-fb25-4762-a209-739cc87b433a rmi=localhost
1684098085217|GlobalRegistry processing put fr.sorbonne_u.components.reflection.interfaces.ReflectionCI-c73f2571-f847-43b9-8357-feb1fd625a56 rmi=localhost
1684098085223|GlobalRegistry processing put fr.sorbonne_u.utils.aclocks.ClocksServerCI-81d9f8b2-51a8-48a2-b282-adf423036730 rmi=localhost
1684098085223|GlobalRegistry processing put fr.sorbonne_u.utils.aclocks.ClocksServerCI-9dd3f872-1879-458f-bd47-7096c353876f rmi=localhost
1684098085223|GlobalRegistry processing put fr.sorbonne_u.utils.aclocks.ClocksServerCI-dd576a87-b36a-4b51-8da1-358083f1b2c4 rmi=localhost
1684098085227|GlobalRegistry processing put inportNodeCpair49 rmi=localhost
1684098085228|GlobalRegistry processing put inportNodeCpair19 rmi=localhost
1684098085228|GlobalRegistry processing put inportNodeCpair29 rmi=localhost
1684098085230|GlobalRegistry processing put inportCMpair49 rmi=localhost
1684098085231|GlobalRegistry processing put inportCMpair19 rmi=localhost
1684098085231|GlobalRegistry processing put inportCMpair29 rmi=localhost
1684098085232|GlobalRegistry processing put Facade3-dcc rmi=localhost
1684098085233|GlobalRegistry processing put 8d545ee2-9bf2-411f-be1d-5ad114764000 rmi=localhost
1684098085234|GlobalRegistry processing put c8512be1-baf8-4c5b-9434-0fdc4c3bb273 rmi=localhost
1684098085234|GlobalRegistry processing put 5b1443ec-476d-460a-9a6d-92b6b5cfdb67 rmi=localhost
1684098085236|GlobalRegistry processing put 9460459c-0d10-4d87-84fa-5761cbee6516 rmi=localhost
1684098085239|GlobalRegistry processing put 606435ab-695b-49b5-9a8a-c79cdb2f0284 rmi=localhost
1684098085242|GlobalRegistry processing put 25480282-6368-473e-9e6c-2104b4eb1031 rmi=localhost
1684098085248|GlobalRegistry processing put fr.sorbonne_u.components.reflection.interfaces.ReflectionCI-d662d8b3-ad7f-4e26-be17-43947586152e rmi=localhost
1684098085248|GlobalRegistry processing put fr.sorbonne_u.components.reflection.interfaces.ReflectionCI-a5a1e2ca-ef35-4cce-a1b7-c937d1d08345 rmi=localhost
1684098085248|GlobalRegistry processing put fr.sorbonne_u.components.reflection.interfaces.ReflectionCI-7159fba0-1e36-45a3-8c1a-b90504bba112 rmi=localhost
1684098085261|GlobalRegistry processing put Facade1-dcc rmi=localhost
1684098085261|GlobalRegistry processing put Facade4-dcc rmi=localhost
1684098085262|GlobalRegistry processing put Facade2-dcc rmi=localhost
1684098085279|GlobalRegistry processing put add66701-9d52-4a82-9359-c93d2b8b44c0 rmi=localhost
1684098085279|GlobalRegistry processing put 6e70f73d-b23f-438a-b038-0bee386b1cba rmi=localhost
1684098085280|GlobalRegistry processing put dee81145-a468-490d-8b43-58fda13cd4c3 rmi=localhost
1684098085280|GlobalRegistry processing put 1176bd23-8bc3-4710-9f88-19f5547c6be9 rmi=localhost
1684098085280|GlobalRegistry processing put 300382ab-dbd8-4702-82c2-a9d3cfde28e3 rmi=localhost
1684098085281|GlobalRegistry processing lookup inportNMfacade1
1684098085282|GlobalRegistry processing lookup inportNMfacade0
1684098085282|GlobalRegistry processing lookup inportNMfacade0
1684098085283|GlobalRegistry processing lookup inportNMfacade0
1684098085286|GlobalRegistry processing lookup inportNMfacade0
1684098085291|GlobalRegistry processing put 12f77a6c-dd39-4e3a-89f7-8b3dbb9f0462 rmi=localhost
1684098085292|GlobalRegistry processing lookup inportNMfacade2
1684098085296|GlobalRegistry processing put b7e5be20-20fd-479d-a43f-fd86e693453b rmi=localhost
1684098085297|GlobalRegistry processing lookup inportNMfacade3
1684098085303|GlobalRegistry processing put 08751cbf-28e5-4e22-96fb-5969b69642d8 rmi=localhost
1684098085304|GlobalRegistry processing lookup inportNMfacade4
1684098085319|GlobalRegistry processing put f3e84624-7bfd-4f32-aa1a-e5e94ea346a0 rmi=localhost
1684098085321|GlobalRegistry processing lookup inportNMfacade2
1684098085323|GlobalRegistry processing put a2483034-9bff-4528-8073-41a80a2644f4 rmi=localhost
1684098085324|GlobalRegistry processing lookup inportNMfacade1
1684098085324|GlobalRegistry processing put bfdd539a-17f6-4c2a-8c19-7b049b2d4035 rmi=localhost
1684098085327|GlobalRegistry processing lookup inportNMfacade1
1684098085332|GlobalRegistry processing put efee469e-fcc1-4feb-9f22-c696502a40ed rmi=localhost
1684098085333|GlobalRegistry processing lookup inportNMfacade3
1684098085333|GlobalRegistry processing put 6e9a470d-4802-44e4-b7a1-7ff4cd9ea9e3 rmi=localhost
1684098085335|GlobalRegistry processing lookup inportNMfacade1
1684098085336|GlobalRegistry processing put 06a224a6-0c66-41ca-b214-c59dc3790053 rmi=localhost
1684098085337|GlobalRegistry processing put 5295ea7a-9f1a-4c9d-b9d7-2f709385cda9 rmi=localhost
1684098085337|GlobalRegistry processing lookup inportNMfacade2
1684098085340|GlobalRegistry processing lookup inportNMfacade2
1684098085344|GlobalRegistry processing put 9c0ca771-9a14-4d0b-8101-14e90c1daf42 rmi=localhost
1684098085346|GlobalRegistry processing lookup inportNMfacade4
1684098085348|GlobalRegistry processing put d4bc8113-8bcf-4835-8692-54c12164d6d1 rmi=localhost
1684098085351|GlobalRegistry processing put 7263927f-a43a-4e41-bbf7-8743309e3a17 rmi=localhost
1684098085352|GlobalRegistry processing put 5a3761ea-d39e-4a42-92cc-ee2776f9dfe0 rmi=localhost
1684098085363|GlobalRegistry processing lookup inportNMfacade3
1684098085365|GlobalRegistry processing lookup inportNMfacade3
1684098085365|GlobalRegistry processing lookup inportNMfacade4
1684098085374|GlobalRegistry processing put 8d6e167f-7adb-43a8-b048-985ee627c645 rmi=localhost
1684098085375|GlobalRegistry processing lookup inportNMfacade4
1684098085391|GlobalRegistry processing lookup clock-server-101
1684098123689|GlobalRegistry processing null
1684098126612|GlobalRegistry processing null
1684098128828|GlobalRegistry processing null
1684098130929|GlobalRegistry processing null
1684098132971|GlobalRegistry processing null
1684098132972|Global registry shuts down!
